[21:48:03] [main/INFO] (FabricLoader/GameProvider) Loading Minecraft 1.20 with Fabric Loader 0.14.21
[21:48:03] [main/INFO] (FabricLoader) Loading 46 mods:
	- chas 1.20-1.10-Fabric
	- fabric-api 0.83.0+1.20
	- fabric-api-base 0.4.29+b04edc7a27
	- fabric-api-lookup-api-v1 1.6.34+4d8536c927
	- fabric-biome-api-v1 13.0.10+b3afc78b27
	- fabric-block-api-v1 1.0.9+e022e5d127
	- fabric-blockrenderlayer-v1 1.1.39+b3afc78b27
	- fabric-client-tags-api-v1 1.0.20+b3afc78b27
	- fabric-command-api-v2 2.2.11+b3afc78b27
	- fabric-content-registries-v0 4.0.7+b3afc78b27
	- fabric-convention-tags-v1 1.5.3+b3afc78b27
	- fabric-crash-report-info-v1 0.2.18+aeb40ebe27
	- fabric-data-generation-api-v1 12.1.10+b3afc78b27
	- fabric-dimensions-v1 2.1.51+b3afc78b27
	- fabric-entity-events-v1 1.5.21+b3afc78b27
	- fabric-events-interaction-v0 0.6.0+b3afc78b27
	- fabric-game-rule-api-v1 1.0.38+b04edc7a27
	- fabric-gametest-api-v1 1.2.10+b3afc78b27
	- fabric-item-api-v1 2.1.26+b3afc78b27
	- fabric-item-group-api-v1 4.0.7+b3afc78b27
	- fabric-key-binding-api-v1 1.0.36+fb8d95da27
	- fabric-lifecycle-events-v1 2.2.20+b3afc78b27
	- fabric-loot-api-v2 1.1.37+b3afc78b27
	- fabric-message-api-v1 5.1.6+b3afc78b27
	- fabric-mining-level-api-v1 2.1.47+b3afc78b27
	- fabric-models-v0 0.3.35+b3afc78b27
	- fabric-networking-api-v1 1.3.8+b3afc78b27
	- fabric-object-builder-api-v1 11.0.6+b3afc78b27
	- fabric-particles-v1 1.0.28+b3afc78b27
	- fabric-recipe-api-v1 1.0.18+b3afc78b27
	- fabric-registry-sync-v0 2.2.6+b3afc78b27
	- fabric-renderer-api-v1 3.0.1+b3afc78b27
	- fabric-renderer-indigo 1.3.1+b3afc78b27
	- fabric-rendering-data-attachment-v1 0.3.33+b3afc78b27
	- fabric-rendering-fluids-v1 3.0.26+b3afc78b27
	- fabric-rendering-v1 3.0.6+b3afc78b27
	- fabric-resource-conditions-api-v1 2.3.4+b3afc78b27
	- fabric-resource-loader-v0 0.11.7+f7923f6d27
	- fabric-screen-api-v1 2.0.6+b3afc78b27
	- fabric-screen-handler-api-v1 1.3.27+b3afc78b27
	- fabric-sound-api-v1 1.0.12+b3afc78b27
	- fabric-transfer-api-v1 3.2.2+b3afc78b27
	- fabric-transitive-access-wideners-v1 4.2.0+b3afc78b27
	- fabricloader 0.14.21
	- java 17
	- minecraft 1.20
[21:48:04] [main/INFO] (FabricLoader/Mixin) SpongePowered MIXIN Subsystem Version=0.8.5 Source=file:/C:/Users/Eivind/.gradle/caches/modules-2/files-2.1/net.fabricmc/sponge-mixin/0.12.5+mixin.0.8.5/8d31fb97c3e0cd7c8dad3441851c523bcfae6d8e/sponge-mixin-0.12.5+mixin.0.8.5.jar Service=Knot/Fabric Env=CLIENT
[21:48:04] [main/INFO] (FabricLoader/Mixin) Loaded Fabric development mappings for mixin remapper!
[21:48:04] [main/INFO] (FabricLoader/Mixin) Compatibility level set to JAVA_16
[21:48:04] [main/INFO] (FabricLoader/Mixin) Compatibility level set to JAVA_17
[21:48:09] [Datafixer Bootstrap/INFO] (Minecraft) 188 Datafixer optimizations took 139 milliseconds
[21:48:11] [Render thread/INFO] (Minecraft) Environment: authHost='https://authserver.mojang.com', accountsHost='https://api.mojang.com', sessionHost='https://sessionserver.mojang.com', servicesHost='https://api.minecraftservices.com', name='PROD'
[21:48:11] [Render thread/ERROR] (Minecraft) Failed to verify authentication
com.mojang.authlib.exceptions.InvalidCredentialsException: Status: 401
	at com.mojang.authlib.exceptions.MinecraftClientHttpException.toAuthenticationException(MinecraftClientHttpException.java:56) ~[authlib-4.0.43.jar:?]
	at com.mojang.authlib.yggdrasil.YggdrasilUserApiService.fetchProperties(YggdrasilUserApiService.java:156) ~[authlib-4.0.43.jar:?]
	at com.mojang.authlib.yggdrasil.YggdrasilUserApiService.<init>(YggdrasilUserApiService.java:55) ~[authlib-4.0.43.jar:?]
	at com.mojang.authlib.yggdrasil.YggdrasilAuthenticationService.createUserApiService(YggdrasilAuthenticationService.java:124) ~[authlib-4.0.43.jar:?]
	at net.minecraft.client.Minecraft.createUserApiService(Minecraft.java:733) ~[minecraft-project-@-merged-named.jar:?]
	at net.minecraft.client.Minecraft.<init>(Minecraft.java:442) ~[minecraft-project-@-merged-named.jar:?]
	at net.minecraft.client.main.Main.main(Main.java:211) ~[minecraft-project-@-merged-named.jar:?]
	at net.fabricmc.loader.impl.game.minecraft.MinecraftGameProvider.launch(MinecraftGameProvider.java:468) ~[fabric-loader-0.14.21.jar:?]
	at net.fabricmc.loader.impl.launch.knot.Knot.launch(Knot.java:74) ~[fabric-loader-0.14.21.jar:?]
	at net.fabricmc.loader.impl.launch.knot.KnotClient.main(KnotClient.java:23) ~[fabric-loader-0.14.21.jar:?]
	at net.fabricmc.devlaunchinjector.Main.main(Main.java:86) ~[dev-launch-injector-0.2.1+build.8.jar:?]
Caused by: com.mojang.authlib.exceptions.MinecraftClientHttpException: Status: 401
	at com.mojang.authlib.minecraft.client.MinecraftClient.readInputStream(MinecraftClient.java:85) ~[authlib-4.0.43.jar:?]
	at com.mojang.authlib.minecraft.client.MinecraftClient.get(MinecraftClient.java:48) ~[authlib-4.0.43.jar:?]
	at com.mojang.authlib.yggdrasil.YggdrasilUserApiService.fetchProperties(YggdrasilUserApiService.java:129) ~[authlib-4.0.43.jar:?]
	... 9 more
[21:48:11] [Render thread/INFO] (Minecraft) Setting user: Player431
[21:48:12] [Render thread/INFO] (Indigo) [Indigo] Registering Indigo renderer!
[21:48:12] [Render thread/INFO] (Minecraft) Backend library: LWJGL version 3.3.1 SNAPSHOT
[21:48:13] [Render thread/WARN] (Minecraft) Removed resource pack Fabric Mods from options because it doesn't seem to exist anymore
[21:48:13] [Render thread/INFO] (Minecraft) Reloading ResourceManager: vanilla, fabric (fabric-entity-events-v1, fabric-game-rule-api-v1, fabric-object-builder-api-v1, fabric-models-v0, fabric-dimensions-v1, fabric-networking-api-v1, fabric-item-api-v1, fabric-data-generation-api-v1, fabric-particles-v1, fabric-resource-loader-v0, fabric-recipe-api-v1, fabric-registry-sync-v0, fabric-client-tags-api-v1, fabric-content-registries-v0, fabric-convention-tags-v1, fabric-renderer-indigo, fabric-resource-conditions-api-v1, fabric-sound-api-v1, fabric-crash-report-info-v1, fabricloader, fabric-transfer-api-v1, fabric-events-interaction-v0, fabric-transitive-access-wideners-v1, fabric-rendering-data-attachment-v1, fabric-blockrenderlayer-v1, fabric-api-lookup-api-v1, fabric-mining-level-api-v1, fabric-screen-handler-api-v1, fabric-screen-api-v1, fabric-item-group-api-v1, fabric-lifecycle-events-v1, fabric-loot-api-v2, fabric-key-binding-api-v1, fabric-biome-api-v1, fabric-api, fabric-gametest-api-v1, fabric-renderer-api-v1, fabric-rendering-fluids-v1, fabric-rendering-v1, fabric-block-api-v1, fabric-message-api-v1, fabric-api-base, fabric-command-api-v2)
[21:48:13] [Worker-Main-8/INFO] (Minecraft) Found unifont_all_no_pua-15.0.06.hex, loading
[21:48:14] [Realms Notification Availability checker #1/INFO] (Minecraft) Could not authorize you against Realms server: Invalid session id
[21:48:14] [Render thread/WARN] (Minecraft) Missing sound for event: minecraft:item.goat_horn.play
[21:48:14] [Render thread/WARN] (Minecraft) Missing sound for event: minecraft:entity.goat.screaming.horn_break
[21:48:15] [Render thread/INFO] (Minecraft) OpenAL initialized on device OpenAL Soft on Speakers (Yeti Stereo Microphone)
[21:48:15] [Render thread/INFO] (Minecraft) Sound engine started
[21:48:15] [Render thread/INFO] (Minecraft) Created: 1024x512x4 minecraft:textures/atlas/blocks.png-atlas
[21:48:15] [Render thread/INFO] (Minecraft) Created: 256x256x4 minecraft:textures/atlas/signs.png-atlas
[21:48:15] [Render thread/INFO] (Minecraft) Created: 512x512x4 minecraft:textures/atlas/banner_patterns.png-atlas
[21:48:15] [Render thread/INFO] (Minecraft) Created: 512x512x4 minecraft:textures/atlas/shield_patterns.png-atlas
[21:48:15] [Render thread/INFO] (Minecraft) Created: 1024x1024x4 minecraft:textures/atlas/armor_trims.png-atlas
[21:48:15] [Render thread/INFO] (Minecraft) Created: 256x256x4 minecraft:textures/atlas/chest.png-atlas
[21:48:15] [Render thread/INFO] (Minecraft) Created: 128x64x4 minecraft:textures/atlas/decorated_pot.png-atlas
[21:48:15] [Render thread/INFO] (Minecraft) Created: 512x256x4 minecraft:textures/atlas/shulker_boxes.png-atlas
[21:48:15] [Render thread/INFO] (Minecraft) Created: 512x256x4 minecraft:textures/atlas/beds.png-atlas
[21:48:15] [Render thread/WARN] (Minecraft) Shader rendertype_entity_translucent_emissive could not find sampler named Sampler2 in the specified shader program.
[21:48:15] [Render thread/INFO] (Minecraft) Created: 256x256x0 minecraft:textures/atlas/particles.png-atlas
[21:48:15] [Render thread/INFO] (Minecraft) Created: 256x256x0 minecraft:textures/atlas/paintings.png-atlas
[21:48:15] [Render thread/INFO] (Minecraft) Created: 128x128x0 minecraft:textures/atlas/mob_effects.png-atlas
[21:48:21] [Render thread/INFO] (Minecraft) Loaded 7 recipes
[21:48:21] [Render thread/INFO] (Minecraft) Loaded 1271 advancements
[21:48:23] [Render thread/INFO] (Minecraft) Found new data pack fabric, loading it automatically
[21:48:23] [Render thread/INFO] (Minecraft) Loaded 7 recipes
[21:48:23] [Render thread/INFO] (Minecraft) Loaded 1271 advancements
[21:48:23] [Render thread/INFO] (BiomeModificationImpl) Applied 0 biome modifications to 0 of 64 new biomes in 1.729 ms
[21:48:23] [Server thread/INFO] (Minecraft) Starting integrated minecraft server version 1.20
[21:48:23] [Server thread/INFO] (Minecraft) Generating keypair
[21:48:24] [Server thread/INFO] (Minecraft) Preparing start region for dimension minecraft:overworld
[21:48:26] [Render thread/INFO] (Minecraft) Preparing spawn area: 0%
[21:48:26] [Render thread/INFO] (Minecraft) Preparing spawn area: 0%
[21:48:26] [Render thread/INFO] (Minecraft) Preparing spawn area: 0%
[21:48:26] [Render thread/INFO] (Minecraft) Preparing spawn area: 0%
[21:48:26] [Render thread/INFO] (Minecraft) Preparing spawn area: 2%
[21:48:27] [Render thread/INFO] (Minecraft) Preparing spawn area: 11%
[21:48:27] [Render thread/INFO] (Minecraft) Preparing spawn area: 11%
[21:48:28] [Render thread/INFO] (Minecraft) Preparing spawn area: 74%
[21:48:28] [Render thread/INFO] (Minecraft) Time elapsed: 3993 ms
[21:48:28] [Server thread/INFO] (Minecraft) Changing view distance to 12, from 10
[21:48:28] [Server thread/INFO] (Minecraft) Changing simulation distance to 12, from 0
[21:48:30] [Server thread/INFO] (Minecraft) Player431[local:E:81f8c0f9] logged in with entity id 242 at (1.9271287898877123, 73.0, 25.687005899566948)
[21:48:30] [Server thread/INFO] (Minecraft) Player431 joined the game
[21:48:30] [Server thread/INFO] (Minecraft) Player431 has made the advancement [Acquire Hardware]
[21:48:30] [Render thread/INFO] (Minecraft) [System] [CHAT] Player431 has made the advancement [Acquire Hardware]
[21:48:30] [Render thread/INFO] (Minecraft) Loaded 48 advancements
[21:48:44] [Server thread/INFO] (Minecraft) Saving and pausing game...
[21:48:44] [Server thread/INFO] (Minecraft) Saving chunks for level 'ServerLevel[New World]'/minecraft:overworld
[21:48:44] [Server thread/INFO] (Minecraft) Saving chunks for level 'ServerLevel[New World]'/minecraft:the_nether
[21:48:44] [Server thread/INFO] (Minecraft) Saving chunks for level 'ServerLevel[New World]'/minecraft:the_end
[21:48:44] [Server thread/INFO] (Minecraft) Player431 lost connection: Disconnected
[21:48:44] [Server thread/INFO] (Minecraft) Player431 left the game
[21:48:44] [Server thread/INFO] (Minecraft) Stopping singleplayer server as player logged out
[21:48:44] [Server thread/INFO] (Minecraft) Stopping server
[21:48:44] [Server thread/INFO] (Minecraft) Saving players
[21:48:44] [Server thread/INFO] (Minecraft) Saving worlds
[21:48:45] [Server thread/INFO] (Minecraft) Saving chunks for level 'ServerLevel[New World]'/minecraft:overworld
[21:48:45] [Server thread/INFO] (Minecraft) Saving chunks for level 'ServerLevel[New World]'/minecraft:the_nether
[21:48:45] [Server thread/INFO] (Minecraft) Saving chunks for level 'ServerLevel[New World]'/minecraft:the_end
[21:48:45] [Server thread/INFO] (Minecraft) ThreadedAnvilChunkStorage (New World (1)): All chunks are saved
[21:48:45] [Server thread/INFO] (Minecraft) ThreadedAnvilChunkStorage (DIM-1): All chunks are saved
[21:48:45] [Server thread/INFO] (Minecraft) ThreadedAnvilChunkStorage (DIM1): All chunks are saved
[21:48:45] [Server thread/INFO] (Minecraft) ThreadedAnvilChunkStorage: All dimensions are saved
[21:48:48] [Render thread/INFO] (Minecraft) Stopping!
